0 info it worked if it ends with ok
1 verbose cli [ '/home/ubuntu/.nvm/versions/node/v4.1.1/bin/node',
1 verbose cli   '/home/ubuntu/.nvm/versions/node/v4.1.1/bin/npm',
1 verbose cli   'install',
1 verbose cli   'react-jsonschema-form',
1 verbose cli   '--save' ]
2 info using npm@2.14.4
3 info using node@v4.1.1
4 verbose install initial load of /home/ubuntu/workspace/vendor/earls/lion-bi-bundle/Earls/LionBiBundle/Resources/public/package.json
5 warn package.json public@1.0.0 No description
6 warn package.json public@1.0.0 No repository field.
7 warn package.json public@1.0.0 No README data
8 verbose installManyTop reading scoped package data from /home/ubuntu/workspace/vendor/earls/lion-bi-bundle/Earls/LionBiBundle/Resources/public/node_modules/babel-core/package.json
9 verbose installManyTop reading scoped package data from /home/ubuntu/workspace/vendor/earls/lion-bi-bundle/Earls/LionBiBundle/Resources/public/node_modules/babel-loader/package.json
10 verbose installManyTop reading scoped package data from /home/ubuntu/workspace/vendor/earls/lion-bi-bundle/Earls/LionBiBundle/Resources/public/node_modules/babel-plugin-react-html-attrs/package.json
11 verbose installManyTop reading scoped package data from /home/ubuntu/workspace/vendor/earls/lion-bi-bundle/Earls/LionBiBundle/Resources/public/node_modules/babel-plugin-transform-class-properties/package.json
12 verbose installManyTop reading scoped package data from /home/ubuntu/workspace/vendor/earls/lion-bi-bundle/Earls/LionBiBundle/Resources/public/node_modules/babel-plugin-transform-runtime/package.json
13 verbose installManyTop reading scoped package data from /home/ubuntu/workspace/vendor/earls/lion-bi-bundle/Earls/LionBiBundle/Resources/public/node_modules/babel-polyfill/package.json
14 verbose installManyTop reading scoped package data from /home/ubuntu/workspace/vendor/earls/lion-bi-bundle/Earls/LionBiBundle/Resources/public/node_modules/babel-preset-es2015/package.json
15 verbose installManyTop reading scoped package data from /home/ubuntu/workspace/vendor/earls/lion-bi-bundle/Earls/LionBiBundle/Resources/public/node_modules/babel-preset-react/package.json
16 verbose installManyTop reading scoped package data from /home/ubuntu/workspace/vendor/earls/lion-bi-bundle/Earls/LionBiBundle/Resources/public/node_modules/babel-preset-stage-0/package.json
17 verbose installManyTop reading scoped package data from /home/ubuntu/workspace/vendor/earls/lion-bi-bundle/Earls/LionBiBundle/Resources/public/node_modules/babel-runtime/package.json
18 verbose installManyTop reading scoped package data from /home/ubuntu/workspace/vendor/earls/lion-bi-bundle/Earls/LionBiBundle/Resources/public/node_modules/bootstrap/package.json
19 verbose installManyTop reading scoped package data from /home/ubuntu/workspace/vendor/earls/lion-bi-bundle/Earls/LionBiBundle/Resources/public/node_modules/font-awesome/package.json
20 verbose installManyTop reading scoped package data from /home/ubuntu/workspace/vendor/earls/lion-bi-bundle/Earls/LionBiBundle/Resources/public/node_modules/history/package.json
21 verbose installManyTop reading scoped package data from /home/ubuntu/workspace/vendor/earls/lion-bi-bundle/Earls/LionBiBundle/Resources/public/node_modules/isomorphic-fetch/package.json
22 verbose installManyTop reading scoped package data from /home/ubuntu/workspace/vendor/earls/lion-bi-bundle/Earls/LionBiBundle/Resources/public/node_modules/jquery/package.json
23 verbose installManyTop reading scoped package data from /home/ubuntu/workspace/vendor/earls/lion-bi-bundle/Earls/LionBiBundle/Resources/public/node_modules/lodash/package.json
24 verbose installManyTop reading scoped package data from /home/ubuntu/workspace/vendor/earls/lion-bi-bundle/Earls/LionBiBundle/Resources/public/node_modules/metismenu/package.json
25 verbose installManyTop reading scoped package data from /home/ubuntu/workspace/vendor/earls/lion-bi-bundle/Earls/LionBiBundle/Resources/public/node_modules/react/package.json
26 verbose installManyTop reading scoped package data from /home/ubuntu/workspace/vendor/earls/lion-bi-bundle/Earls/LionBiBundle/Resources/public/node_modules/react-dom/package.json
27 verbose installManyTop reading scoped package data from /home/ubuntu/workspace/vendor/earls/lion-bi-bundle/Earls/LionBiBundle/Resources/public/node_modules/react-redux/package.json
28 verbose installManyTop reading scoped package data from /home/ubuntu/workspace/vendor/earls/lion-bi-bundle/Earls/LionBiBundle/Resources/public/node_modules/react-router/package.json
29 verbose installManyTop reading scoped package data from /home/ubuntu/workspace/vendor/earls/lion-bi-bundle/Earls/LionBiBundle/Resources/public/node_modules/react-router-redux/package.json
30 verbose installManyTop reading scoped package data from /home/ubuntu/workspace/vendor/earls/lion-bi-bundle/Earls/LionBiBundle/Resources/public/node_modules/react-router-reverse/package.json
31 verbose installManyTop reading scoped package data from /home/ubuntu/workspace/vendor/earls/lion-bi-bundle/Earls/LionBiBundle/Resources/public/node_modules/react-transform-hmr/package.json
32 verbose installManyTop reading scoped package data from /home/ubuntu/workspace/vendor/earls/lion-bi-bundle/Earls/LionBiBundle/Resources/public/node_modules/redux/package.json
33 verbose installManyTop reading scoped package data from /home/ubuntu/workspace/vendor/earls/lion-bi-bundle/Earls/LionBiBundle/Resources/public/node_modules/redux-api/package.json
34 verbose installManyTop reading scoped package data from /home/ubuntu/workspace/vendor/earls/lion-bi-bundle/Earls/LionBiBundle/Resources/public/node_modules/redux-logger/package.json
35 verbose installManyTop reading scoped package data from /home/ubuntu/workspace/vendor/earls/lion-bi-bundle/Earls/LionBiBundle/Resources/public/node_modules/redux-thunk/package.json
36 verbose installManyTop reading scoped package data from /home/ubuntu/workspace/vendor/earls/lion-bi-bundle/Earls/LionBiBundle/Resources/public/node_modules/webpack/package.json
37 verbose installManyTop reading scoped package data from /home/ubuntu/workspace/vendor/earls/lion-bi-bundle/Earls/LionBiBundle/Resources/public/node_modules/webpack-dev-middleware/package.json
38 verbose installManyTop reading scoped package data from /home/ubuntu/workspace/vendor/earls/lion-bi-bundle/Earls/LionBiBundle/Resources/public/node_modules/webpack-hot-middleware/package.json
39 info package.json babel-polyfill@6.7.2 No description
40 info package.json webpack-dev-middleware@1.5.1 No license field.
41 verbose readDependencies loading dependencies from /home/ubuntu/workspace/vendor/earls/lion-bi-bundle/Earls/LionBiBundle/Resources/public/package.json
42 silly cache add args [ 'react-jsonschema-form', null ]
43 verbose cache add spec react-jsonschema-form
44 silly cache add parsed spec Result {
44 silly cache add   raw: 'react-jsonschema-form',
44 silly cache add   scope: null,
44 silly cache add   name: 'react-jsonschema-form',
44 silly cache add   rawSpec: '',
44 silly cache add   spec: '*',
44 silly cache add   type: 'range' }
45 silly addNamed react-jsonschema-form@*
46 verbose addNamed "*" is a valid semver range for react-jsonschema-form
47 silly addNameRange { name: 'react-jsonschema-form', range: '*', hasData: false }
48 silly mapToRegistry name react-jsonschema-form
49 silly mapToRegistry using default registry
50 silly mapToRegistry registry https://registry.npmjs.org/
51 silly mapToRegistry uri https://registry.npmjs.org/react-jsonschema-form
52 verbose addNameRange registry:https://registry.npmjs.org/react-jsonschema-form not in flight; fetching
53 verbose request uri https://registry.npmjs.org/react-jsonschema-form
54 verbose request no auth needed
55 info attempt registry request try #1 at 5:35:06 PM
56 verbose request id 799baab58fcb999d
57 http request GET https://registry.npmjs.org/react-jsonschema-form
58 http 200 https://registry.npmjs.org/react-jsonschema-form
59 silly get cb [ 200,
59 silly get   { server: 'CouchDB/1.5.0 (Erlang OTP/R16B03)',
59 silly get     etag: '"8OVFUOD1F5HOOU6VF3XD3CDK6"',
59 silly get     'content-type': 'application/json',
59 silly get     'cache-control': 'max-age=300',
59 silly get     'content-length': '120473',
59 silly get     'accept-ranges': 'bytes',
59 silly get     date: 'Mon, 04 Apr 2016 17:35:07 GMT',
59 silly get     via: '1.1 varnish',
59 silly get     age: '0',
59 silly get     connection: 'keep-alive',
59 silly get     'x-served-by': 'cache-lcy1133-LCY',
59 silly get     'x-cache': 'MISS',
59 silly get     'x-cache-hits': '0',
59 silly get     'x-timer': 'S1459791306.395679,VS0,VE695',
59 silly get     vary: 'Accept' } ]
60 verbose get saving react-jsonschema-form to /home/ubuntu/.npm/registry.npmjs.org/react-jsonschema-form/.cache.json
61 silly addNameRange number 2 { name: 'react-jsonschema-form', range: '*', hasData: true }
62 silly addNameRange versions [ 'react-jsonschema-form',
62 silly addNameRange   [ '0.1.0',
62 silly addNameRange     '0.2.0',
62 silly addNameRange     '0.3.0',
62 silly addNameRange     '0.4.0',
62 silly addNameRange     '0.4.1',
62 silly addNameRange     '0.5.0',
62 silly addNameRange     '0.6.0',
62 silly addNameRange     '0.7.0',
62 silly addNameRange     '0.7.1',
62 silly addNameRange     '0.8.0',
62 silly addNameRange     '0.9.0',
62 silly addNameRange     '0.9.1',
62 silly addNameRange     '0.9.2',
62 silly addNameRange     '0.10.0',
62 silly addNameRange     '0.11.0',
62 silly addNameRange     '0.12.0',
62 silly addNameRange     '0.13.0',
62 silly addNameRange     '0.14.0',
62 silly addNameRange     '0.15.0',
62 silly addNameRange     '0.16.0',
62 silly addNameRange     '0.16.1',
62 silly addNameRange     '0.16.2',
62 silly addNameRange     '0.17.0',
62 silly addNameRange     '0.17.1',
62 silly addNameRange     '0.18.0',
62 silly addNameRange     '0.19.0',
62 silly addNameRange     '0.19.1',
62 silly addNameRange     '0.19.2',
62 silly addNameRange     '0.19.3',
62 silly addNameRange     '0.20.0',
62 silly addNameRange     '0.21.0',
62 silly addNameRange     '0.21.1',
62 silly addNameRange     '0.22.0' ] ]
63 silly addNamed react-jsonschema-form@0.22.0
64 verbose addNamed "0.22.0" is a plain semver version for react-jsonschema-form
65 silly mapToRegistry name react-jsonschema-form
66 silly mapToRegistry using default registry
67 silly mapToRegistry registry https://registry.npmjs.org/
68 silly mapToRegistry uri https://registry.npmjs.org/react-jsonschema-form
69 verbose addRemoteTarball https://registry.npmjs.org/react-jsonschema-form/-/react-jsonschema-form-0.22.0.tgz not in flight; adding
70 verbose addRemoteTarball [ 'https://registry.npmjs.org/react-jsonschema-form/-/react-jsonschema-form-0.22.0.tgz',
70 verbose addRemoteTarball   '4c71294e2b96332f96235f42a455a5549b2daf46' ]
71 info retry fetch attempt 1 at 5:35:07 PM
72 info attempt registry request try #1 at 5:35:07 PM
73 http fetch GET https://registry.npmjs.org/react-jsonschema-form/-/react-jsonschema-form-0.22.0.tgz
74 http fetch 200 https://registry.npmjs.org/react-jsonschema-form/-/react-jsonschema-form-0.22.0.tgz
75 silly fetchAndShaCheck shasum 4c71294e2b96332f96235f42a455a5549b2daf46
76 verbose addTmpTarball /tmp/npm-4059-955605e0/registry.npmjs.org/react-jsonschema-form/-/react-jsonschema-form-0.22.0.tgz not in flight; adding
77 verbose addTmpTarball already have metadata; skipping unpack for react-jsonschema-form@0.22.0
78 silly cache afterAdd react-jsonschema-form@0.22.0
79 verbose afterAdd /home/ubuntu/.npm/react-jsonschema-form/0.22.0/package/package.json not in flight; writing
80 verbose afterAdd /home/ubuntu/.npm/react-jsonschema-form/0.22.0/package/package.json written
81 silly install resolved [ { name: 'react-jsonschema-form',
81 silly install resolved     version: '0.22.0',
81 silly install resolved     description: 'A simple React component capable of building HTML forms out of a JSON schema.',
81 silly install resolved     scripts:
81 silly install resolved      { 'build:readme': 'toctoc README.md -w',
81 silly install resolved        'build:lib': 'rimraf lib && NODE_ENV=production babel -d lib/ src/',
81 silly install resolved        'build:dist': 'rimraf dist && NODE_ENV=production webpack --config webpack.config.dist.js --optimize-minimize',
81 silly install resolved        'build:playground': 'rimraf build && NODE_ENV=production webpack --config webpack.config.prod.js --optimize-minimize && cp playground/index.prod.html build/index.html',
81 silly install resolved        dist: 'npm run build:lib && npm run build:dist',
81 silly install resolved        lint: 'eslint src test',
81 silly install resolved        'publish-to-gh-pages': 'npm run build:playground && gh-pages --dist build/',
81 silly install resolved        'publish-to-npm': 'npm run build:readme && npm run dist && npm publish',
81 silly install resolved        start: 'node devServer.js',
81 silly install resolved        tdd: 'NODE_ENV=test babel-node node_modules/.bin/_mocha --watch --require ./test/setup-jsdom.js \'test/**/*_test.js\'',
81 silly install resolved        test: 'NODE_ENV=test babel-node node_modules/.bin/_mocha --require ./test/setup-jsdom.js \'test/**/*_test.js\'' },
81 silly install resolved     main: 'lib/index.js',
81 silly install resolved     files: [ 'dist', 'lib' ],
81 silly install resolved     engineStrict: false,
81 silly install resolved     engines: { npm: '^2.14.7', node: '>=4' },
81 silly install resolved     peerDependencies: { react: '^0.14.3', 'react-dom': '^0.14.3' },
81 silly install resolved     dependencies: { deeper: '^2.1.0', jsonschema: '^1.0.2' },
81 silly install resolved     devDependencies:
81 silly install resolved      { 'babel-cli': '^6.6.5',
81 silly install resolved        'babel-core': '^6.7.4',
81 silly install resolved        'babel-eslint': '^6.0.0',
81 silly install resolved        'babel-loader': '^6.2.4',
81 silly install resolved        'babel-plugin-react-transform': '^2.0.2',
81 silly install resolved        'babel-plugin-transform-class-properties': '^6.6.0',
81 silly install resolved        'babel-plugin-transform-object-rest-spread': '^6.6.5',
81 silly install resolved        'babel-preset-es2015': '^6.6.0',
81 silly install resolved        'babel-preset-react': '^6.5.0',
81 silly install resolved        chai: '^3.3.0',
81 silly install resolved        codemirror: '^5.13.2',
81 silly install resolved        'css-loader': '^0.23.1',
81 silly install resolved        eslint: '^2.5.1',
81 silly install resolved        'eslint-plugin-react': '^4.2.3',
81 silly install resolved        estraverse: '^4.2.0',
81 silly install resolved        'estraverse-fb': '^1.3.1',
81 silly install resolved        express: '^4.13.3',
81 silly install resolved        'extract-text-webpack-plugin': '^1.0.1',
81 silly install resolved        'gh-pages': '^0.11.0',
81 silly install resolved        html: '0.0.10',
81 silly install resolved        install: '^0.6.1',
81 silly install resolved        jsdom: '^8.1.0',
81 silly install resolved        mocha: '^2.3.0',
81 silly install resolved        npm: '^3.8.2',
81 silly install resolved        'react-addons-test-utils': '^0.14.3',
81 silly install resolved        'react-codemirror': '^0.2.3',
81 silly install resolved        'react-transform-catch-errors': '^1.0.0',
81 silly install resolved        'react-transform-hmr': '^1.0.1',
81 silly install resolved        'redbox-react': '^1.2.0',
81 silly install resolved        rimraf: '^2.4.4',
81 silly install resolved        sinon: '^1.17.2',
81 silly install resolved        'style-loader': '^0.13.0',
81 silly install resolved        toctoc: '^0.2.3',
81 silly install resolved        webpack: '^1.10.5',
81 silly install resolved        'webpack-dev-middleware': '^1.4.0',
81 silly install resolved        'webpack-hot-middleware': '^2.6.0' },
81 silly install resolved     directories: { test: 'test' },
81 silly install resolved     repository:
81 silly install resolved      { type: 'git',
81 silly install resolved        url: 'git+https://github.com/mozilla-services/react-jsonschema-form.git' },
81 silly install resolved     author: { name: 'Nicolas Perriault', email: 'nperriault@mozilla.com' },
81 silly install resolved     keywords: [ 'react', 'form', 'json-schema' ],
81 silly install resolved     license: 'Apache-2.0',
81 silly install resolved     homepage: 'https://github.com/mozilla-services/react-jsonschema-form#readme',
81 silly install resolved     gitHead: '7da6191bdb7d5c4fc3a6275da34ee8babdb63ecd',
81 silly install resolved     bugs: { url: 'https://github.com/mozilla-services/react-jsonschema-form/issues' },
81 silly install resolved     _id: 'react-jsonschema-form@0.22.0',
81 silly install resolved     _shasum: '4c71294e2b96332f96235f42a455a5549b2daf46',
81 silly install resolved     _from: 'react-jsonschema-form@*',
81 silly install resolved     _npmVersion: '3.8.2',
81 silly install resolved     _nodeVersion: '4.2.1',
81 silly install resolved     _npmUser: { name: 'n1k0', email: 'nicolas@perriault.net' },
81 silly install resolved     dist:
81 silly install resolved      { shasum: '4c71294e2b96332f96235f42a455a5549b2daf46',
81 silly install resolved        tarball: 'https://registry.npmjs.org/react-jsonschema-form/-/react-jsonschema-form-0.22.0.tgz' },
81 silly install resolved     maintainers: [ [Object], [Object], [Object], [Object], [Object] ],
81 silly install resolved     _npmOperationalInternal:
81 silly install resolved      { host: 'packages-12-west.internal.npmjs.com',
81 silly install resolved        tmp: 'tmp/react-jsonschema-form-0.22.0.tgz_1459791196578_0.9869721918366849' },
81 silly install resolved     _resolved: 'https://registry.npmjs.org/react-jsonschema-form/-/react-jsonschema-form-0.22.0.tgz' } ]
82 info install react-jsonschema-form@0.22.0 into /home/ubuntu/workspace/vendor/earls/lion-bi-bundle/Earls/LionBiBundle/Resources/public
83 info installOne react-jsonschema-form@0.22.0
84 verbose installOne of react-jsonschema-form to /home/ubuntu/workspace/vendor/earls/lion-bi-bundle/Earls/LionBiBundle/Resources/public not in flight; installing
85 verbose lock using /home/ubuntu/.npm/_locks/react-jsonschema-form-577ad98f648ef09e.lock for /home/ubuntu/workspace/vendor/earls/lion-bi-bundle/Earls/LionBiBundle/Resources/public/node_modules/react-jsonschema-form
86 warn engine react-jsonschema-form@0.22.0: wanted: {"npm":"^2.14.7","node":">=4"} (current: {"node":"4.1.1","npm":"2.14.4"})
87 silly install write writing react-jsonschema-form 0.22.0 to /home/ubuntu/workspace/vendor/earls/lion-bi-bundle/Earls/LionBiBundle/Resources/public/node_modules/react-jsonschema-form
88 verbose unbuild node_modules/react-jsonschema-form
89 silly gentlyRm /home/ubuntu/workspace/vendor/earls/lion-bi-bundle/Earls/LionBiBundle/Resources/public/node_modules/react-jsonschema-form is being purged from base /home/ubuntu/workspace/vendor/earls/lion-bi-bundle/Earls/LionBiBundle/Resources/public
90 verbose gentlyRm don't care about contents; nuking /home/ubuntu/workspace/vendor/earls/lion-bi-bundle/Earls/LionBiBundle/Resources/public/node_modules/react-jsonschema-form
91 verbose tar unpack /home/ubuntu/.npm/react-jsonschema-form/0.22.0/package.tgz
92 verbose tar unpacking to /home/ubuntu/workspace/vendor/earls/lion-bi-bundle/Earls/LionBiBundle/Resources/public/node_modules/react-jsonschema-form
93 silly gentlyRm /home/ubuntu/workspace/vendor/earls/lion-bi-bundle/Earls/LionBiBundle/Resources/public/node_modules/react-jsonschema-form is being purged
94 verbose gentlyRm don't care about contents; nuking /home/ubuntu/workspace/vendor/earls/lion-bi-bundle/Earls/LionBiBundle/Resources/public/node_modules/react-jsonschema-form
95 silly gunzTarPerm modes [ '755', '644' ]
96 silly gunzTarPerm extractEntry package.json
97 silly gunzTarPerm modified mode [ 'package.json', 436, 420 ]
98 silly gunzTarPerm extractEntry README.md
99 silly gunzTarPerm modified mode [ 'README.md', 436, 420 ]
100 silly gunzTarPerm extractEntry lib/index.js
101 silly gunzTarPerm modified mode [ 'lib/index.js', 436, 420 ]
102 silly gunzTarPerm extractEntry lib/utils.js
103 silly gunzTarPerm modified mode [ 'lib/utils.js', 436, 420 ]
104 silly gunzTarPerm extractEntry lib/components/ErrorList.js
105 silly gunzTarPerm modified mode [ 'lib/components/ErrorList.js', 436, 420 ]
106 silly gunzTarPerm extractEntry lib/components/Form.js
107 silly gunzTarPerm modified mode [ 'lib/components/Form.js', 436, 420 ]
108 silly gunzTarPerm extractEntry lib/components/fields/ArrayField.js
109 silly gunzTarPerm modified mode [ 'lib/components/fields/ArrayField.js', 436, 420 ]
110 silly gunzTarPerm extractEntry lib/components/fields/BooleanField.js
111 silly gunzTarPerm modified mode [ 'lib/components/fields/BooleanField.js', 436, 420 ]
112 silly gunzTarPerm extractEntry lib/components/fields/NumberField.js
113 silly gunzTarPerm modified mode [ 'lib/components/fields/NumberField.js', 436, 420 ]
114 silly gunzTarPerm extractEntry lib/components/fields/ObjectField.js
115 silly gunzTarPerm modified mode [ 'lib/components/fields/ObjectField.js', 436, 420 ]
116 silly gunzTarPerm extractEntry lib/components/fields/SchemaField.js
117 silly gunzTarPerm modified mode [ 'lib/components/fields/SchemaField.js', 436, 420 ]
118 silly gunzTarPerm extractEntry lib/components/fields/StringField.js
119 silly gunzTarPerm modified mode [ 'lib/components/fields/StringField.js', 436, 420 ]
120 silly gunzTarPerm extractEntry lib/components/fields/TitleField.js
121 silly gunzTarPerm modified mode [ 'lib/components/fields/TitleField.js', 436, 420 ]
122 silly gunzTarPerm extractEntry lib/components/fields/UnsupportedField.js
123 silly gunzTarPerm modified mode [ 'lib/components/fields/UnsupportedField.js', 436, 420 ]
124 silly gunzTarPerm extractEntry lib/components/widgets/CheckboxWidget.js
125 silly gunzTarPerm modified mode [ 'lib/components/widgets/CheckboxWidget.js', 436, 420 ]
126 silly gunzTarPerm extractEntry lib/components/widgets/EmailWidget.js
127 silly gunzTarPerm modified mode [ 'lib/components/widgets/EmailWidget.js', 436, 420 ]
128 silly gunzTarPerm extractEntry lib/components/widgets/HiddenWidget.js
129 silly gunzTarPerm modified mode [ 'lib/components/widgets/HiddenWidget.js', 436, 420 ]
130 silly gunzTarPerm extractEntry lib/components/widgets/PasswordWidget.js
131 silly gunzTarPerm modified mode [ 'lib/components/widgets/PasswordWidget.js', 436, 420 ]
132 silly gunzTarPerm extractEntry lib/components/widgets/RadioWidget.js
133 silly gunzTarPerm modified mode [ 'lib/components/widgets/RadioWidget.js', 436, 420 ]
134 silly gunzTarPerm extractEntry lib/components/widgets/DateTimeWidget.js
135 silly gunzTarPerm modified mode [ 'lib/components/widgets/DateTimeWidget.js', 436, 420 ]
136 silly gunzTarPerm extractEntry lib/components/widgets/SelectWidget.js
137 silly gunzTarPerm modified mode [ 'lib/components/widgets/SelectWidget.js', 436, 420 ]
138 silly gunzTarPerm extractEntry lib/components/widgets/TextWidget.js
139 silly gunzTarPerm modified mode [ 'lib/components/widgets/TextWidget.js', 436, 420 ]
140 silly gunzTarPerm extractEntry lib/components/widgets/TextareaWidget.js
141 silly gunzTarPerm modified mode [ 'lib/components/widgets/TextareaWidget.js', 436, 420 ]
142 silly gunzTarPerm extractEntry lib/components/widgets/URLWidget.js
143 silly gunzTarPerm modified mode [ 'lib/components/widgets/URLWidget.js', 436, 420 ]
144 silly gunzTarPerm extractEntry lib/components/widgets/UpDownWidget.js
145 silly gunzTarPerm modified mode [ 'lib/components/widgets/UpDownWidget.js', 436, 420 ]
146 silly gunzTarPerm extractEntry lib/components/widgets/RangeWidget.js
147 silly gunzTarPerm modified mode [ 'lib/components/widgets/RangeWidget.js', 436, 420 ]
148 silly gunzTarPerm extractEntry dist/react-jsonschema-form.js
149 silly gunzTarPerm modified mode [ 'dist/react-jsonschema-form.js', 436, 420 ]
150 silly gunzTarPerm extractEntry dist/react-jsonschema-form.js.map
151 silly gunzTarPerm modified mode [ 'dist/react-jsonschema-form.js.map', 436, 420 ]
152 verbose write writing to /home/ubuntu/workspace/vendor/earls/lion-bi-bundle/Earls/LionBiBundle/Resources/public/node_modules/react-jsonschema-form/package.json
153 info preinstall react-jsonschema-form@0.22.0
154 verbose readDependencies loading dependencies from /home/ubuntu/workspace/vendor/earls/lion-bi-bundle/Earls/LionBiBundle/Resources/public/node_modules/react-jsonschema-form/package.json
155 silly prepareForInstallMany adding deeper@^2.1.0 from react-jsonschema-form dependencies
156 silly prepareForInstallMany adding jsonschema@^1.0.2 from react-jsonschema-form dependencies
157 verbose readDependencies loading dependencies from /home/ubuntu/workspace/vendor/earls/lion-bi-bundle/Earls/LionBiBundle/Resources/public/node_modules/react-jsonschema-form/package.json
158 silly cache add args [ 'deeper@^2.1.0', null ]
159 verbose cache add spec deeper@^2.1.0
160 silly cache add args [ 'jsonschema@^1.0.2', null ]
161 verbose cache add spec jsonschema@^1.0.2
162 silly cache add parsed spec Result {
162 silly cache add   raw: 'deeper@^2.1.0',
162 silly cache add   scope: null,
162 silly cache add   name: 'deeper',
162 silly cache add   rawSpec: '^2.1.0',
162 silly cache add   spec: '>=2.1.0 <3.0.0',
162 silly cache add   type: 'range' }
163 silly addNamed deeper@>=2.1.0 <3.0.0
164 verbose addNamed ">=2.1.0 <3.0.0" is a valid semver range for deeper
165 silly addNameRange { name: 'deeper', range: '>=2.1.0 <3.0.0', hasData: false }
166 silly mapToRegistry name deeper
167 silly mapToRegistry using default registry
168 silly mapToRegistry registry https://registry.npmjs.org/
169 silly mapToRegistry uri https://registry.npmjs.org/deeper
170 verbose addNameRange registry:https://registry.npmjs.org/deeper not in flight; fetching
171 silly cache add parsed spec Result {
171 silly cache add   raw: 'jsonschema@^1.0.2',
171 silly cache add   scope: null,
171 silly cache add   name: 'jsonschema',
171 silly cache add   rawSpec: '^1.0.2',
171 silly cache add   spec: '>=1.0.2 <2.0.0',
171 silly cache add   type: 'range' }
172 silly addNamed jsonschema@>=1.0.2 <2.0.0
173 verbose addNamed ">=1.0.2 <2.0.0" is a valid semver range for jsonschema
174 silly addNameRange { name: 'jsonschema', range: '>=1.0.2 <2.0.0', hasData: false }
175 silly mapToRegistry name jsonschema
176 silly mapToRegistry using default registry
177 silly mapToRegistry registry https://registry.npmjs.org/
178 silly mapToRegistry uri https://registry.npmjs.org/jsonschema
179 verbose addNameRange registry:https://registry.npmjs.org/jsonschema not in flight; fetching
180 verbose request uri https://registry.npmjs.org/deeper
181 verbose request no auth needed
182 info attempt registry request try #1 at 5:35:07 PM
183 http request GET https://registry.npmjs.org/deeper
184 verbose request uri https://registry.npmjs.org/jsonschema
185 verbose request no auth needed
186 info attempt registry request try #1 at 5:35:07 PM
187 http request GET https://registry.npmjs.org/jsonschema
188 http 200 https://registry.npmjs.org/jsonschema
189 silly get cb [ 200,
189 silly get   { server: 'CouchDB/1.5.0 (Erlang OTP/R16B03)',
189 silly get     etag: '"AHLW1NQH6TRB3RP8XO0J9L4C6"',
189 silly get     'content-type': 'application/json',
189 silly get     'cache-control': 'max-age=300',
189 silly get     'content-length': '28648',
189 silly get     'accept-ranges': 'bytes',
189 silly get     date: 'Mon, 04 Apr 2016 17:35:07 GMT',
189 silly get     via: '1.1 varnish',
189 silly get     age: '0',
189 silly get     connection: 'keep-alive',
189 silly get     'x-served-by': 'cache-lcy1121-LCY',
189 silly get     'x-cache': 'HIT',
189 silly get     'x-cache-hits': '1',
189 silly get     'x-timer': 'S1459791307.614135,VS0,VE114',
189 silly get     vary: 'Accept' } ]
190 verbose get saving jsonschema to /home/ubuntu/.npm/registry.npmjs.org/jsonschema/.cache.json
191 silly addNameRange number 2 { name: 'jsonschema', range: '>=1.0.2 <2.0.0', hasData: true }
192 silly addNameRange versions [ 'jsonschema',
192 silly addNameRange   [ '0.0.1',
192 silly addNameRange     '0.0.2',
192 silly addNameRange     '0.0.3',
192 silly addNameRange     '0.0.4',
192 silly addNameRange     '0.0.5',
192 silly addNameRange     '0.0.6',
192 silly addNameRange     '0.1.0',
192 silly addNameRange     '0.1.1',
192 silly addNameRange     '0.1.2',
192 silly addNameRange     '0.1.3',
192 silly addNameRange     '0.1.4',
192 silly addNameRange     '0.1.5',
192 silly addNameRange     '0.2.0',
192 silly addNameRange     '0.2.1',
192 silly addNameRange     '0.3.0',
192 silly addNameRange     '0.3.1',
192 silly addNameRange     '0.3.2',
192 silly addNameRange     '0.4.0',
192 silly addNameRange     '1.0.0',
192 silly addNameRange     '1.0.1',
192 silly addNameRange     '1.0.2',
192 silly addNameRange     '1.0.3',
192 silly addNameRange     '1.1.0' ] ]
193 silly addNamed jsonschema@1.1.0
194 verbose addNamed "1.1.0" is a plain semver version for jsonschema
195 silly mapToRegistry name jsonschema
196 silly mapToRegistry using default registry
197 silly mapToRegistry registry https://registry.npmjs.org/
198 silly mapToRegistry uri https://registry.npmjs.org/jsonschema
199 verbose addRemoteTarball https://registry.npmjs.org/jsonschema/-/jsonschema-1.1.0.tgz not in flight; adding
200 verbose addRemoteTarball [ 'https://registry.npmjs.org/jsonschema/-/jsonschema-1.1.0.tgz',
200 verbose addRemoteTarball   '039cc219ed524b06e71daf12ca60d02639faf29a' ]
201 info retry fetch attempt 1 at 5:35:07 PM
202 info attempt registry request try #1 at 5:35:07 PM
203 http fetch GET https://registry.npmjs.org/jsonschema/-/jsonschema-1.1.0.tgz
204 http 200 https://registry.npmjs.org/deeper
205 silly get cb [ 200,
205 silly get   { server: 'CouchDB/1.5.0 (Erlang OTP/R16B03)',
205 silly get     etag: '"2C8LBD8B1WJ9MV923EUSSRWUN"',
205 silly get     'content-type': 'application/json',
205 silly get     'cache-control': 'max-age=300',
205 silly get     'content-length': '16368',
205 silly get     'accept-ranges': 'bytes',
205 silly get     date: 'Mon, 04 Apr 2016 17:35:07 GMT',
205 silly get     via: '1.1 varnish',
205 silly get     age: '0',
205 silly get     connection: 'keep-alive',
205 silly get     'x-served-by': 'cache-lcy1126-LCY',
205 silly get     'x-cache': 'HIT',
205 silly get     'x-cache-hits': '1',
205 silly get     'x-timer': 'S1459791307.617653,VS0,VE190',
205 silly get     vary: 'Accept' } ]
206 verbose get saving deeper to /home/ubuntu/.npm/registry.npmjs.org/deeper/.cache.json
207 silly addNameRange number 2 { name: 'deeper', range: '>=2.1.0 <3.0.0', hasData: true }
208 silly addNameRange versions [ 'deeper',
208 silly addNameRange   [ '1.0.0',
208 silly addNameRange     '1.0.1',
208 silly addNameRange     '1.0.2',
208 silly addNameRange     '1.0.3',
208 silly addNameRange     '2.0.0',
208 silly addNameRange     '2.0.1',
208 silly addNameRange     '2.0.2',
208 silly addNameRange     '2.0.3',
208 silly addNameRange     '2.0.4',
208 silly addNameRange     '2.1.0' ] ]
209 silly addNamed deeper@2.1.0
210 verbose addNamed "2.1.0" is a plain semver version for deeper
211 silly mapToRegistry name deeper
212 silly mapToRegistry using default registry
213 silly mapToRegistry registry https://registry.npmjs.org/
214 silly mapToRegistry uri https://registry.npmjs.org/deeper
215 verbose addRemoteTarball https://registry.npmjs.org/deeper/-/deeper-2.1.0.tgz not in flight; adding
216 verbose addRemoteTarball [ 'https://registry.npmjs.org/deeper/-/deeper-2.1.0.tgz',
216 verbose addRemoteTarball   'bc564e5f73174fdf201e08b00030e8a14da74368' ]
217 info retry fetch attempt 1 at 5:35:07 PM
218 info attempt registry request try #1 at 5:35:07 PM
219 http fetch GET https://registry.npmjs.org/deeper/-/deeper-2.1.0.tgz
220 http fetch 200 https://registry.npmjs.org/deeper/-/deeper-2.1.0.tgz
221 silly fetchAndShaCheck shasum bc564e5f73174fdf201e08b00030e8a14da74368
222 verbose addTmpTarball /tmp/npm-4059-955605e0/registry.npmjs.org/deeper/-/deeper-2.1.0.tgz not in flight; adding
223 verbose addTmpTarball already have metadata; skipping unpack for deeper@2.1.0
224 silly cache afterAdd deeper@2.1.0
225 verbose afterAdd /home/ubuntu/.npm/deeper/2.1.0/package/package.json not in flight; writing
226 verbose afterAdd /home/ubuntu/.npm/deeper/2.1.0/package/package.json written
227 http fetch 200 https://registry.npmjs.org/jsonschema/-/jsonschema-1.1.0.tgz
228 silly fetchAndShaCheck shasum 039cc219ed524b06e71daf12ca60d02639faf29a
229 verbose addTmpTarball /tmp/npm-4059-955605e0/registry.npmjs.org/jsonschema/-/jsonschema-1.1.0.tgz not in flight; adding
230 verbose addTmpTarball already have metadata; skipping unpack for jsonschema@1.1.0
231 silly cache afterAdd jsonschema@1.1.0
232 verbose afterAdd /home/ubuntu/.npm/jsonschema/1.1.0/package/package.json not in flight; writing
233 verbose afterAdd /home/ubuntu/.npm/jsonschema/1.1.0/package/package.json written
234 silly install resolved [ { name: 'deeper',
234 silly install resolved     version: '2.1.0',
234 silly install resolved     description: 'JavaScript "deep equality" / structural equality tester with Node.js flavor.',
234 silly install resolved     scripts: { test: 'standard && tap test/*.js --coverage' },
234 silly install resolved     repository:
234 silly install resolved      { type: 'git',
234 silly install resolved        url: 'git+https://github.com/othiym23/node-deeper.git' },
234 silly install resolved     keywords:
234 silly install resolved      [ 'deepEqual',
234 silly install resolved        'structural',
234 silly install resolved        'equality',
234 silly install resolved        'assert',
234 silly install resolved        'testing',
234 silly install resolved        'tap' ],
234 silly install resolved     author:
234 silly install resolved      { name: 'Forrest L Norvell',
234 silly install resolved        email: 'ogd@aoaioxxysz.net',
234 silly install resolved        url: 'https://github.com/othiym23' },
234 silly install resolved     license: 'BSD-2-Clause',
234 silly install resolved     devDependencies: { buffertools: '^2.1.3', standard: '^5.1.1', tap: '^1.3.2' },
234 silly install resolved     gitHead: '160c71db6c9d14dc4484748d6c0e55c740e6ba1e',
234 silly install resolved     bugs: { url: 'https://github.com/othiym23/node-deeper/issues' },
234 silly install resolved     homepage: 'https://github.com/othiym23/node-deeper#readme',
234 silly install resolved     _id: 'deeper@2.1.0',
234 silly install resolved     _shasum: 'bc564e5f73174fdf201e08b00030e8a14da74368',
234 silly install resolved     _from: 'deeper@>=2.1.0 <3.0.0',
234 silly install resolved     _npmVersion: '2.14.1',
234 silly install resolved     _nodeVersion: '2.5.0',
234 silly install resolved     _npmUser: { name: 'othiym23', email: 'ogd@aoaioxxysz.net' },
234 silly install resolved     dist:
234 silly install resolved      { shasum: 'bc564e5f73174fdf201e08b00030e8a14da74368',
234 silly install resolved        tarball: 'https://registry.npmjs.org/deeper/-/deeper-2.1.0.tgz' },
234 silly install resolved     maintainers: [ [Object] ],
234 silly install resolved     directories: {},
234 silly install resolved     _resolved: 'https://registry.npmjs.org/deeper/-/deeper-2.1.0.tgz' },
234 silly install resolved   { author: { name: 'Tom de Grunt', email: 'tom@degrunt.nl' },
234 silly install resolved     name: 'jsonschema',
234 silly install resolved     version: '1.1.0',
234 silly install resolved     license: 'MIT',
234 silly install resolved     dependencies: {},
234 silly install resolved     contributors: [ [Object] ],
234 silly install resolved     main: './lib',
234 silly install resolved     devDependencies: { mocha: '~1.8.2', chai: '~1.5.0' },
234 silly install resolved     optionalDependencies: {},
234 silly install resolved     engines: { node: '*' },
234 silly install resolved     keywords: [ 'json', 'schema', 'jsonschema', 'validator', 'validation' ],
234 silly install resolved     repository: { type: 'git', url: 'git://github.com/tdegrunt/jsonschema.git' },
234 silly install resolved     description: 'A fast and easy to use JSON Schema validator',
234 silly install resolved     scripts: { test: 'mocha -R spec' },
234 silly install resolved     gitHead: '4efb29dd60dfc85e18f3cb6c72e01407afeb1499',
234 silly install resolved     bugs: { url: 'https://github.com/tdegrunt/jsonschema/issues' },
234 silly install resolved     homepage: 'https://github.com/tdegrunt/jsonschema#readme',
234 silly install resolved     _id: 'jsonschema@1.1.0',
234 silly install resolved     _shasum: '039cc219ed524b06e71daf12ca60d02639faf29a',
234 silly install resolved     _from: 'jsonschema@>=1.0.2 <2.0.0',
234 silly install resolved     _npmVersion: '3.3.12',
234 silly install resolved     _nodeVersion: '5.3.0',
234 silly install resolved     _npmUser: { name: 'acubed', email: 'aaa@bzfx.net' },
234 silly install resolved     dist:
234 silly install resolved      { shasum: '039cc219ed524b06e71daf12ca60d02639faf29a',
234 silly install resolved        tarball: 'https://registry.npmjs.org/jsonschema/-/jsonschema-1.1.0.tgz' },
234 silly install resolved     maintainers: [ [Object], [Object] ],
234 silly install resolved     _npmOperationalInternal:
234 silly install resolved      { host: 'packages-6-west.internal.npmjs.com',
234 silly install resolved        tmp: 'tmp/jsonschema-1.1.0.tgz_1455624531318_0.9987008844036609' },
234 silly install resolved     directories: {},
234 silly install resolved     _resolved: 'https://registry.npmjs.org/jsonschema/-/jsonschema-1.1.0.tgz' } ]
235 info install deeper@2.1.0 into /home/ubuntu/workspace/vendor/earls/lion-bi-bundle/Earls/LionBiBundle/Resources/public/node_modules/react-jsonschema-form
236 info install jsonschema@1.1.0 into /home/ubuntu/workspace/vendor/earls/lion-bi-bundle/Earls/LionBiBundle/Resources/public/node_modules/react-jsonschema-form
237 info installOne deeper@2.1.0
238 verbose installOne of deeper to /home/ubuntu/workspace/vendor/earls/lion-bi-bundle/Earls/LionBiBundle/Resources/public/node_modules/react-jsonschema-form not in flight; installing
239 info installOne jsonschema@1.1.0
240 verbose installOne of jsonschema to /home/ubuntu/workspace/vendor/earls/lion-bi-bundle/Earls/LionBiBundle/Resources/public/node_modules/react-jsonschema-form not in flight; installing
241 verbose lock using /home/ubuntu/.npm/_locks/deeper-ed48d77ad88f9af1.lock for /home/ubuntu/workspace/vendor/earls/lion-bi-bundle/Earls/LionBiBundle/Resources/public/node_modules/react-jsonschema-form/node_modules/deeper
242 silly install write writing deeper 2.1.0 to /home/ubuntu/workspace/vendor/earls/lion-bi-bundle/Earls/LionBiBundle/Resources/public/node_modules/react-jsonschema-form/node_modules/deeper
243 verbose lock using /home/ubuntu/.npm/_locks/jsonschema-27030e6278ed3b54.lock for /home/ubuntu/workspace/vendor/earls/lion-bi-bundle/Earls/LionBiBundle/Resources/public/node_modules/react-jsonschema-form/node_modules/jsonschema
244 silly install write writing jsonschema 1.1.0 to /home/ubuntu/workspace/vendor/earls/lion-bi-bundle/Earls/LionBiBundle/Resources/public/node_modules/react-jsonschema-form/node_modules/jsonschema
245 verbose unbuild node_modules/react-jsonschema-form/node_modules/deeper
246 silly gentlyRm /home/ubuntu/workspace/vendor/earls/lion-bi-bundle/Earls/LionBiBundle/Resources/public/node_modules/react-jsonschema-form/node_modules/deeper is being purged from base /home/ubuntu/workspace/vendor/earls/lion-bi-bundle/Earls/LionBiBundle/Resources/public
247 verbose gentlyRm don't care about contents; nuking /home/ubuntu/workspace/vendor/earls/lion-bi-bundle/Earls/LionBiBundle/Resources/public/node_modules/react-jsonschema-form/node_modules/deeper
248 verbose unbuild node_modules/react-jsonschema-form/node_modules/jsonschema
249 verbose tar unpack /home/ubuntu/.npm/deeper/2.1.0/package.tgz
250 verbose tar unpacking to /home/ubuntu/workspace/vendor/earls/lion-bi-bundle/Earls/LionBiBundle/Resources/public/node_modules/react-jsonschema-form/node_modules/deeper
251 silly gentlyRm /home/ubuntu/workspace/vendor/earls/lion-bi-bundle/Earls/LionBiBundle/Resources/public/node_modules/react-jsonschema-form/node_modules/deeper is being purged
252 verbose gentlyRm don't care about contents; nuking /home/ubuntu/workspace/vendor/earls/lion-bi-bundle/Earls/LionBiBundle/Resources/public/node_modules/react-jsonschema-form/node_modules/deeper
253 silly gunzTarPerm modes [ '755', '644' ]
254 silly gentlyRm /home/ubuntu/workspace/vendor/earls/lion-bi-bundle/Earls/LionBiBundle/Resources/public/node_modules/react-jsonschema-form/node_modules/jsonschema is being purged from base /home/ubuntu/workspace/vendor/earls/lion-bi-bundle/Earls/LionBiBundle/Resources/public
255 verbose gentlyRm don't care about contents; nuking /home/ubuntu/workspace/vendor/earls/lion-bi-bundle/Earls/LionBiBundle/Resources/public/node_modules/react-jsonschema-form/node_modules/jsonschema
256 verbose tar unpack /home/ubuntu/.npm/jsonschema/1.1.0/package.tgz
257 verbose tar unpacking to /home/ubuntu/workspace/vendor/earls/lion-bi-bundle/Earls/LionBiBundle/Resources/public/node_modules/react-jsonschema-form/node_modules/jsonschema
258 silly gentlyRm /home/ubuntu/workspace/vendor/earls/lion-bi-bundle/Earls/LionBiBundle/Resources/public/node_modules/react-jsonschema-form/node_modules/jsonschema is being purged
259 verbose gentlyRm don't care about contents; nuking /home/ubuntu/workspace/vendor/earls/lion-bi-bundle/Earls/LionBiBundle/Resources/public/node_modules/react-jsonschema-form/node_modules/jsonschema
260 silly gunzTarPerm modes [ '755', '644' ]
261 silly gunzTarPerm extractEntry package.json
262 silly gunzTarPerm extractEntry package.json
263 silly gunzTarPerm extractEntry .npmignore
264 silly gunzTarPerm extractEntry README.md
265 silly gunzTarPerm extractEntry .npmignore
266 silly gunzTarPerm extractEntry README.md
267 silly gunzTarPerm extractEntry LICENSE
268 silly gunzTarPerm extractEntry index.js
269 silly gunzTarPerm extractEntry LICENSE
270 silly gunzTarPerm extractEntry lib/attribute.js
271 silly gunzTarPerm extractEntry .travis.yml
272 silly gunzTarPerm extractEntry CHANGELOG.md
273 silly gunzTarPerm extractEntry .jshintrc
274 silly gunzTarPerm extractEntry test/basic.js
275 silly gunzTarPerm extractEntry test/buffer-buffertools.js
276 silly gunzTarPerm extractEntry test/buffer-native-equals.js
277 silly gunzTarPerm extractEntry test/buffer-pure-js.js
278 silly gunzTarPerm extractEntry lib/helpers.js
279 silly gunzTarPerm extractEntry lib/index.js
280 silly gunzTarPerm extractEntry lib/validator.js
281 silly gunzTarPerm extractEntry schema/draft-03/hyper-schema.json
282 silly gunzTarPerm extractEntry schema/draft-03/schema.json
283 silly gunzTarPerm extractEntry schema/draft-04/hyper-schema.json
284 silly gunzTarPerm extractEntry schema/draft-04/schema.json
285 silly gunzTarPerm extractEntry .editorconfig
286 verbose write writing to /home/ubuntu/workspace/vendor/earls/lion-bi-bundle/Earls/LionBiBundle/Resources/public/node_modules/react-jsonschema-form/node_modules/deeper/package.json
287 info preinstall deeper@2.1.0
288 verbose readDependencies loading dependencies from /home/ubuntu/workspace/vendor/earls/lion-bi-bundle/Earls/LionBiBundle/Resources/public/node_modules/react-jsonschema-form/node_modules/deeper/package.json
289 verbose readDependencies loading dependencies from /home/ubuntu/workspace/vendor/earls/lion-bi-bundle/Earls/LionBiBundle/Resources/public/node_modules/react-jsonschema-form/node_modules/deeper/package.json
290 silly install resolved []
291 verbose about to build /home/ubuntu/workspace/vendor/earls/lion-bi-bundle/Earls/LionBiBundle/Resources/public/node_modules/react-jsonschema-form/node_modules/deeper
292 info build /home/ubuntu/workspace/vendor/earls/lion-bi-bundle/Earls/LionBiBundle/Resources/public/node_modules/react-jsonschema-form/node_modules/deeper
293 info linkStuff deeper@2.1.0
294 silly linkStuff deeper@2.1.0 has /home/ubuntu/workspace/vendor/earls/lion-bi-bundle/Earls/LionBiBundle/Resources/public/node_modules/react-jsonschema-form/node_modules as its parent node_modules
295 verbose write writing to /home/ubuntu/workspace/vendor/earls/lion-bi-bundle/Earls/LionBiBundle/Resources/public/node_modules/react-jsonschema-form/node_modules/jsonschema/package.json
296 verbose linkBins deeper@2.1.0
297 verbose linkMans deeper@2.1.0
298 verbose rebuildBundles deeper@2.1.0
299 info preinstall jsonschema@1.1.0
300 info install deeper@2.1.0
301 verbose readDependencies loading dependencies from /home/ubuntu/workspace/vendor/earls/lion-bi-bundle/Earls/LionBiBundle/Resources/public/node_modules/react-jsonschema-form/node_modules/jsonschema/package.json
302 info postinstall deeper@2.1.0
303 verbose unlock done using /home/ubuntu/.npm/_locks/deeper-ed48d77ad88f9af1.lock for /home/ubuntu/workspace/vendor/earls/lion-bi-bundle/Earls/LionBiBundle/Resources/public/node_modules/react-jsonschema-form/node_modules/deeper
304 verbose readDependencies loading dependencies from /home/ubuntu/workspace/vendor/earls/lion-bi-bundle/Earls/LionBiBundle/Resources/public/node_modules/react-jsonschema-form/node_modules/jsonschema/package.json
305 silly install resolved []
306 verbose about to build /home/ubuntu/workspace/vendor/earls/lion-bi-bundle/Earls/LionBiBundle/Resources/public/node_modules/react-jsonschema-form/node_modules/jsonschema
307 info build /home/ubuntu/workspace/vendor/earls/lion-bi-bundle/Earls/LionBiBundle/Resources/public/node_modules/react-jsonschema-form/node_modules/jsonschema
308 info linkStuff jsonschema@1.1.0
309 silly linkStuff jsonschema@1.1.0 has /home/ubuntu/workspace/vendor/earls/lion-bi-bundle/Earls/LionBiBundle/Resources/public/node_modules/react-jsonschema-form/node_modules as its parent node_modules
310 verbose linkBins jsonschema@1.1.0
311 verbose linkMans jsonschema@1.1.0
312 verbose rebuildBundles jsonschema@1.1.0
313 info install jsonschema@1.1.0
314 info postinstall jsonschema@1.1.0
315 verbose unlock done using /home/ubuntu/.npm/_locks/jsonschema-27030e6278ed3b54.lock for /home/ubuntu/workspace/vendor/earls/lion-bi-bundle/Earls/LionBiBundle/Resources/public/node_modules/react-jsonschema-form/node_modules/jsonschema
316 verbose about to build /home/ubuntu/workspace/vendor/earls/lion-bi-bundle/Earls/LionBiBundle/Resources/public/node_modules/react-jsonschema-form
317 info build /home/ubuntu/workspace/vendor/earls/lion-bi-bundle/Earls/LionBiBundle/Resources/public/node_modules/react-jsonschema-form
318 info linkStuff react-jsonschema-form@0.22.0
319 silly linkStuff react-jsonschema-form@0.22.0 has /home/ubuntu/workspace/vendor/earls/lion-bi-bundle/Earls/LionBiBundle/Resources/public/node_modules as its parent node_modules
320 verbose linkBins react-jsonschema-form@0.22.0
321 verbose linkMans react-jsonschema-form@0.22.0
322 verbose rebuildBundles react-jsonschema-form@0.22.0
323 verbose rebuildBundles [ 'deeper', 'jsonschema' ]
324 info install react-jsonschema-form@0.22.0
325 info postinstall react-jsonschema-form@0.22.0
326 verbose unlock done using /home/ubuntu/.npm/_locks/react-jsonschema-form-577ad98f648ef09e.lock for /home/ubuntu/workspace/vendor/earls/lion-bi-bundle/Earls/LionBiBundle/Resources/public/node_modules/react-jsonschema-form
327 verbose validateInstall loading /home/ubuntu/workspace/vendor/earls/lion-bi-bundle/Earls/LionBiBundle/Resources/public/package.json for validation
328 verbose stack Error: The package react-router@2.0.1 does not satisfy its siblings' peerDependencies requirements!
328 verbose stack     at /home/ubuntu/.nvm/versions/node/v4.1.1/lib/node_modules/npm/lib/install.js:125:32
328 verbose stack     at /home/ubuntu/.nvm/versions/node/v4.1.1/lib/node_modules/npm/lib/install.js:268:7
328 verbose stack     at /home/ubuntu/.nvm/versions/node/v4.1.1/lib/node_modules/npm/node_modules/read-installed/read-installed.js:142:5
328 verbose stack     at /home/ubuntu/.nvm/versions/node/v4.1.1/lib/node_modules/npm/node_modules/read-installed/read-installed.js:263:14
328 verbose stack     at cb (/home/ubuntu/.nvm/versions/node/v4.1.1/lib/node_modules/npm/node_modules/slide/lib/async-map.js:47:24)
328 verbose stack     at /home/ubuntu/.nvm/versions/node/v4.1.1/lib/node_modules/npm/node_modules/read-installed/read-installed.js:263:14
328 verbose stack     at cb (/home/ubuntu/.nvm/versions/node/v4.1.1/lib/node_modules/npm/node_modules/slide/lib/async-map.js:47:24)
328 verbose stack     at /home/ubuntu/.nvm/versions/node/v4.1.1/lib/node_modules/npm/node_modules/read-installed/read-installed.js:263:14
328 verbose stack     at cb (/home/ubuntu/.nvm/versions/node/v4.1.1/lib/node_modules/npm/node_modules/slide/lib/async-map.js:47:24)
328 verbose stack     at /home/ubuntu/.nvm/versions/node/v4.1.1/lib/node_modules/npm/node_modules/read-installed/read-installed.js:263:14
329 verbose cwd /home/ubuntu/workspace/vendor/earls/lion-bi-bundle/Earls/LionBiBundle/Resources/public
330 error Linux 4.2.0-c9
331 error argv "/home/ubuntu/.nvm/versions/node/v4.1.1/bin/node" "/home/ubuntu/.nvm/versions/node/v4.1.1/bin/npm" "install" "react-jsonschema-form" "--save"
332 error node v4.1.1
333 error npm  v2.14.4
334 error code EPEERINVALID
335 error peerinvalid The package react-router@2.0.1 does not satisfy its siblings' peerDependencies requirements!
335 error peerinvalid Peer react-router-reverse@1.0.2 wants react-router@^1.0.0-rc3
336 verbose exit [ 1, true ]
